#
# There is insufficient memory for the Java Runtime Environment to continue.
# Native memory allocation (malloc) failed to allocate 32744 bytes for ChunkPool::allocate
# Possible reasons:
#   The system is out of physical RAM or swap space
#   In 32 bit mode, the process size limit was hit
# Possible solutions:
#   Reduce memory load on the system
#   Increase physical memory or swap space
#   Check if swap backing store is full
#   Use 64 bit Java on a 64 bit OS
#   Decrease Java heap size (-Xmx/-Xms)
#   Decrease number of Java threads
#   Decrease Java thread stack sizes (-Xss)
#   Set larger code cache with -XX:ReservedCodeCacheSize=
# This output file may be truncated or incomplete.
#
#  Out of Memory Error (allocation.cpp:273), pid=6964, tid=4652
#
# JRE version: Java(TM) SE Runtime Environment (8.0_31-b13) (build 1.8.0_31-b13)
# Java VM: Java HotSpot(TM) 64-Bit Server VM (25.31-b07 mixed mode windows-amd64 compressed oops)
# Failed to write core dump. Minidumps are not enabled by default on client versions of Windows
#

---------------  T H R E A D  ---------------

Current thread (0x0000000055fe4800):  JavaThread "C2 CompilerThread1" daemon [_thread_in_native, id=4652, stack(0x00000000569a0000,0x0000000056aa0000)]

Stack: [0x00000000569a0000,0x0000000056aa0000]
Native frames: (J=compiled Java code, j=interpreted, Vv=VM code, C=native code)
V  [jvm.dll+0x3169ba]
V  [jvm.dll+0x2674c3]
V  [jvm.dll+0x268103]
V  [jvm.dll+0x25f8f5]
V  [jvm.dll+0xbed81]
V  [jvm.dll+0xbf4cc]
V  [jvm.dll+0xbf774]
V  [jvm.dll+0x512639]
V  [jvm.dll+0x5126a2]
V  [jvm.dll+0x4ed6c1]
V  [jvm.dll+0x446be1]
V  [jvm.dll+0x451bce]
V  [jvm.dll+0x4541b8]
V  [jvm.dll+0x437c62]
V  [jvm.dll+0x988e2]
V  [jvm.dll+0x990d3]
V  [jvm.dll+0x22c194]
V  [jvm.dll+0x28576a]
C  [msvcr100.dll+0x21d9f]
C  [msvcr100.dll+0x21e3b]
C  [kernel32.dll+0x159bd]
C  [ntdll.dll+0x2a2e1]


Current CompileTask:
C2: 139461 3839   !   4       com.sun.beans.TypeResolver::resolve (274 bytes)


---------------  P R O C E S S  ---------------

Java Threads: ( => current thread )
  0x000000005b14a800 JavaThread "File lock request listener" [_thread_in_native, id=6392, stack(0x0000000056c20000,0x0000000056d20000)]
  0x00000000577ee000 JavaThread "Daemon worker" [_thread_in_native, id=7296, stack(0x0000000057a50000,0x0000000057b50000)]
  0x0000000057f22000 JavaThread "Cancel handler" [_thread_blocked, id=1976, stack(0x00000000590b0000,0x00000000591b0000)]
  0x00000000571b0000 JavaThread "Handler for socket connection from /127.0.0.1:2743 to /127.0.0.1:2749" [_thread_in_native, id=4448, stack(0x0000000058f30000,0x0000000059030000)]
  0x0000000057bdd800 JavaThread "Daemon" [_thread_blocked, id=6020, stack(0x0000000058e30000,0x0000000058f30000)]
  0x00000000572fd000 JavaThread "Incoming local TCP Connector on port 2743" [_thread_in_native, id=7552, stack(0x0000000057890000,0x0000000057990000)]
  0x0000000056046000 JavaThread "Service Thread" daemon [_thread_blocked, id=6376, stack(0x0000000056d70000,0x0000000056e70000)]
  0x0000000055fe6000 JavaThread "C1 CompilerThread2" daemon [_thread_blocked, id=8176, stack(0x0000000056b00000,0x0000000056c00000)]
=>0x0000000055fe4800 JavaThread "C2 CompilerThread1" daemon [_thread_in_native, id=4652, stack(0x00000000569a0000,0x0000000056aa0000)]
  0x0000000055fe0800 JavaThread "C2 CompilerThread0" daemon [_thread_in_native, id=3636, stack(0x0000000056840000,0x0000000056940000)]
  0x0000000054ce5000 JavaThread "Attach Listener" daemon [_thread_blocked, id=5052, stack(0x0000000056700000,0x0000000056800000)]
  0x0000000054ce2000 JavaThread "Signal Dispatcher" daemon [_thread_blocked, id=5388, stack(0x00000000564e0000,0x00000000565e0000)]
  0x0000000054c87000 JavaThread "Finalizer" daemon [_thread_blocked, id=4308, stack(0x0000000055c40000,0x0000000055d40000)]
  0x0000000054c7e000 JavaThread "Reference Handler" daemon [_thread_blocked, id=5572, stack(0x0000000055ee0000,0x0000000055fe0000)]
  0x0000000001dc8800 JavaThread "main" [_thread_blocked, id=7396, stack(0x0000000002030000,0x0000000002130000)]

Other Threads:
  0x0000000054c7a800 VMThread [stack: 0x0000000055da0000,0x0000000055ea0000] [id=7808]
  0x0000000056067000 WatcherThread [stack: 0x0000000056f30000,0x0000000057030000] [id=3896]

VM state:not at safepoint (normal execution)

VM Mutex/Monitor currently owned by a thread: None

Heap:
 PSYoungGen      total 204800K, used 40159K [0x00000000eab00000, 0x00000000f8780000, 0x0000000100000000)
  eden space 194560K, 20% used [0x00000000eab00000,0x00000000ed237eb8,0x00000000f6900000)
  from space 10240K, 0% used [0x00000000f7700000,0x00000000f7700000,0x00000000f8100000)
  to   space 14336K, 0% used [0x00000000f6900000,0x00000000f6900000,0x00000000f7700000)
 ParOldGen       total 49152K, used 22678K [0x00000000c0000000, 0x00000000c3000000, 0x00000000eab00000)
  object space 49152K, 46% used [0x00000000c0000000,0x00000000c1625838,0x00000000c3000000)
 Metaspace       used 35846K, capacity 36590K, committed 36864K, reserved 1081344K
  class space    used 4821K, capacity 5009K, committed 5120K, reserved 1048576K

Card table byte_map: [0x00000000117c0000,0x00000000119d0000] byte_map_base: 0x00000000111c0000

Marking Bits: (ParMarkBitMap*) 0x000000006756d4f0
 Begin Bits: [0x00000000120f0000, 0x00000000130f0000)
 End Bits:   [0x00000000130f0000, 0x00000000140f0000)

Polling page: 0x00000000000b0000

CodeCache: size=245760Kb used=12418Kb max_used=13078Kb free=233341Kb
 bounds [0x0000000002400000, 0x00000000030f0000, 0x0000000011400000]
 total_blobs=4042 nmethods=3383 adapters=572
 compilation: enabled

Compilation events (10 events):
Event: 132.863 Thread 0x0000000055fe6000 3911       3       org.gradle.internal.reflect.JavaReflectionUtil$MultiMap::get (32 bytes)
Event: 132.864 Thread 0x0000000055fe6000 nmethod 3911 0x000000000278e9d0 code [0x000000000278ec00, 0x000000000278fa78]
Event: 132.865 Thread 0x0000000055fe6000 3912       3       org.gradle.internal.reflect.JavaReflectionUtil$2::<init> (10 bytes)
Event: 132.865 Thread 0x0000000055fe6000 nmethod 3912 0x000000000268a650 code [0x000000000268a7a0, 0x000000000268a970]
Event: 132.868 Thread 0x0000000055fe6000 3913       3       sun.reflect.NativeMethodAccessorImpl::<init> (10 bytes)
Event: 132.868 Thread 0x0000000055fe6000 nmethod 3913 0x000000000272c810 code [0x000000000272c980, 0x000000000272cc10]
Event: 132.868 Thread 0x0000000055fe6000 3914       3       sun.reflect.DelegatingMethodAccessorImpl::<init> (10 bytes)
Event: 132.868 Thread 0x0000000055fe6000 nmethod 3914 0x000000000261f990 code [0x000000000261fb00, 0x000000000261fdf0]
Event: 132.868 Thread 0x0000000055fe6000 3915       3       sun.reflect.NativeMethodAccessorImpl::setParent (6 bytes)
Event: 132.869 Thread 0x0000000055fe6000 nmethod 3915 0x0000000002537550 code [0x00000000025376a0, 0x0000000002537810]

GC Heap History (10 events):
Event: 48.790 GC heap before
{Heap before GC invocations=8 (full 1):
 PSYoungGen      total 72704K, used 65536K [0x00000000eab00000, 0x00000000efa00000, 0x0000000100000000)
  eden space 65536K, 100% used [0x00000000eab00000,0x00000000eeb00000,0x00000000eeb00000)
  from space 7168K, 0% used [0x00000000ef300000,0x00000000ef300000,0x00000000efa00000)
  to   space 7680K, 0% used [0x00000000eeb00000,0x00000000eeb00000,0x00000000ef280000)
 ParOldGen       total 34816K, used 10867K [0x00000000c0000000, 0x00000000c2200000, 0x00000000eab00000)
  object space 34816K, 31% used [0x00000000c0000000,0x00000000c0a9cea8,0x00000000c2200000)
 Metaspace       used 20907K, capacity 21286K, committed 21632K, reserved 1069056K
  class space    used 2730K, capacity 2855K, committed 2944K, reserved 1048576K
Event: 48.913 GC heap after
Heap after GC invocations=8 (full 1):
 PSYoungGen      total 73216K, used 1328K [0x00000000eab00000, 0x00000000f3780000, 0x0000000100000000)
  eden space 65536K, 0% used [0x00000000eab00000,0x00000000eab00000,0x00000000eeb00000)
  from space 7680K, 17% used [0x00000000eeb00000,0x00000000eec4c040,0x00000000ef280000)
  to   space 8192K, 0% used [0x00000000f2f80000,0x00000000f2f80000,0x00000000f3780000)
 ParOldGen       total 34816K, used 10867K [0x00000000c0000000, 0x00000000c2200000, 0x00000000eab00000)
  object space 34816K, 31% used [0x00000000c0000000,0x00000000c0a9cea8,0x00000000c2200000)
 Metaspace       used 20907K, capacity 21286K, committed 21632K, reserved 1069056K
  class space    used 2730K, capacity 2855K, committed 2944K, reserved 1048576K
}
Event: 49.592 GC heap before
{Heap before GC invocations=9 (full 1):
 PSYoungGen      total 73216K, used 66864K [0x00000000eab00000, 0x00000000f3780000, 0x0000000100000000)
  eden space 65536K, 100% used [0x00000000eab00000,0x00000000eeb00000,0x00000000eeb00000)
  from space 7680K, 17% used [0x00000000eeb00000,0x00000000eec4c040,0x00000000ef280000)
  to   space 8192K, 0% used [0x00000000f2f80000,0x00000000f2f80000,0x00000000f3780000)
 ParOldGen       total 34816K, used 10867K [0x00000000c0000000, 0x00000000c2200000, 0x00000000eab00000)
  object space 34816K, 31% used [0x00000000c0000000,0x00000000c0a9cea8,0x00000000c2200000)
 Metaspace       used 20909K, capacity 21286K, committed 21632K, reserved 1069056K
  class space    used 2730K, capacity 2855K, committed 2944K, reserved 1048576K
Event: 49.640 GC heap after
Heap after GC invocations=9 (full 1):
 PSYoungGen      total 135680K, used 1920K [0x00000000eab00000, 0x00000000f3780000, 0x0000000100000000)
  eden space 127488K, 0% used [0x00000000eab00000,0x00000000eab00000,0x00000000f2780000)
  from space 8192K, 23% used [0x00000000f2f80000,0x00000000f3160030,0x00000000f3780000)
  to   space 8192K, 0% used [0x00000000f2780000,0x00000000f2780000,0x00000000f2f80000)
 ParOldGen       total 34816K, used 10867K [0x00000000c0000000, 0x00000000c2200000, 0x00000000eab00000)
  object space 34816K, 31% used [0x00000000c0000000,0x00000000c0a9cea8,0x00000000c2200000)
 Metaspace       used 20909K, capacity 21286K, committed 21632K, reserved 1069056K
  class space    used 2730K, capacity 2855K, committed 2944K, reserved 1048576K
}
Event: 71.205 GC heap before
{Heap before GC invocations=10 (full 1):
 PSYoungGen      total 135680K, used 129408K [0x00000000eab00000, 0x00000000f3780000, 0x0000000100000000)
  eden space 127488K, 100% used [0x00000000eab00000,0x00000000f2780000,0x00000000f2780000)
  from space 8192K, 23% used [0x00000000f2f80000,0x00000000f3160030,0x00000000f3780000)
  to   space 8192K, 0% used [0x00000000f2780000,0x00000000f2780000,0x00000000f2f80000)
 ParOldGen       total 34816K, used 10867K [0x00000000c0000000, 0x00000000c2200000, 0x00000000eab00000)
  object space 34816K, 31% used [0x00000000c0000000,0x00000000c0a9cea8,0x00000000c2200000)
 Metaspace       used 26433K, capacity 27046K, committed 27392K, reserved 1073152K
  class space    used 3575K, capacity 3738K, committed 3840K, reserved 1048576K
Event: 71.233 GC heap after
Heap after GC invocations=10 (full 1):
 PSYoungGen      total 135680K, used 8190K [0x00000000eab00000, 0x00000000f8100000, 0x0000000100000000)
  eden space 127488K, 0% used [0x00000000eab00000,0x00000000eab00000,0x00000000f2780000)
  from space 8192K, 99% used [0x00000000f2780000,0x00000000f2f7f9e0,0x00000000f2f80000)
  to   space 10240K, 0% used [0x00000000f7700000,0x00000000f7700000,0x00000000f8100000)
 ParOldGen       total 34816K, used 13038K [0x00000000c0000000, 0x00000000c2200000, 0x00000000eab00000)
  object space 34816K, 37% used [0x00000000c0000000,0x00000000c0cbb870,0x00000000c2200000)
 Metaspace       used 26433K, capacity 27046K, committed 27392K, reserved 1073152K
  class space    used 3575K, capacity 3738K, committed 3840K, reserved 1048576K
}
Event: 128.491 GC heap before
{Heap before GC invocations=11 (full 1):
 PSYoungGen      total 135680K, used 133589K [0x00000000eab00000, 0x00000000f8100000, 0x0000000100000000)
  eden space 127488K, 98% used [0x00000000eab00000,0x00000000f2575ce0,0x00000000f2780000)
  from space 8192K, 99% used [0x00000000f2780000,0x00000000f2f7f9e0,0x00000000f2f80000)
  to   space 10240K, 0% used [0x00000000f7700000,0x00000000f7700000,0x00000000f8100000)
 ParOldGen       total 34816K, used 13038K [0x00000000c0000000, 0x00000000c2200000, 0x00000000eab00000)
  object space 34816K, 37% used [0x00000000c0000000,0x00000000c0cbb870,0x00000000c2200000)
 Metaspace       used 34568K, capacity 35286K, committed 35496K, reserved 1079296K
  class space    used 4648K, capacity 4834K, committed 4864K, reserved 1048576K
Event: 128.538 GC heap after
Heap after GC invocations=11 (full 1):
 PSYoungGen      total 204800K, used 10228K [0x00000000eab00000, 0x00000000f8780000, 0x0000000100000000)
  eden space 194560K, 0% used [0x00000000eab00000,0x00000000eab00000,0x00000000f6900000)
  from space 10240K, 99% used [0x00000000f7700000,0x00000000f80fd030,0x00000000f8100000)
  to   space 14336K, 0% used [0x00000000f6900000,0x00000000f6900000,0x00000000f7700000)
 ParOldGen       total 34816K, used 19507K [0x00000000c0000000, 0x00000000c2200000, 0x00000000eab00000)
  object space 34816K, 56% used [0x00000000c0000000,0x00000000c130ced8,0x00000000c2200000)
 Metaspace       used 34568K, capacity 35286K, committed 35496K, reserved 1079296K
  class space    used 4648K, capacity 4834K, committed 4864K, reserved 1048576K
}
Event: 128.538 GC heap before
{Heap before GC invocations=12 (full 2):
 PSYoungGen      total 204800K, used 10228K [0x00000000eab00000, 0x00000000f8780000, 0x0000000100000000)
  eden space 194560K, 0% used [0x00000000eab00000,0x00000000eab00000,0x00000000f6900000)
  from space 10240K, 99% used [0x00000000f7700000,0x00000000f80fd030,0x00000000f8100000)
  to   space 14336K, 0% used [0x00000000f6900000,0x00000000f6900000,0x00000000f7700000)
 ParOldGen       total 34816K, used 19507K [0x00000000c0000000, 0x00000000c2200000, 0x00000000eab00000)
  object space 34816K, 56% used [0x00000000c0000000,0x00000000c130ced8,0x00000000c2200000)
 Metaspace       used 34568K, capacity 35286K, committed 35496K, reserved 1079296K
  class space    used 4648K, capacity 4834K, committed 4864K, reserved 1048576K
Event: 128.661 GC heap after
Heap after GC invocations=12 (full 2):
 PSYoungGen      total 204800K, used 0K [0x00000000eab00000, 0x00000000f8780000, 0x0000000100000000)
  eden space 194560K, 0% used [0x00000000eab00000,0x00000000eab00000,0x00000000f6900000)
  from space 10240K, 0% used [0x00000000f7700000,0x00000000f7700000,0x00000000f8100000)
  to   space 14336K, 0% used [0x00000000f6900000,0x00000000f6900000,0x00000000f7700000)
 ParOldGen       total 49152K, used 22678K [0x00000000c0000000, 0x00000000c3000000, 0x00000000eab00000)
  object space 49152K, 46% used [0x00000000c0000000,0x00000000c1625838,0x00000000c3000000)
 Metaspace       used 34549K, capacity 35264K, committed 35496K, reserved 1079296K
  class space    used 4642K, capacity 4828K, committed 4864K, reserved 1048576K
}

Deoptimization events (10 events):
Event: 121.144 Thread 0x00000000577ee000 Uncommon trap: reason=unreached action=reinterpret pc=0x0000000002c2b84c method=java.util.Properties$LineReader.readLine()I @ 37
Event: 126.817 Thread 0x00000000577ee000 Uncommon trap: reason=unreached action=reinterpret pc=0x0000000002a192a0 method=groovy.lang.MetaClassImpl.filterPropertyMethod(Ljava/lang/Object;ZZ)Ljava/lang/Object; @ 193
Event: 128.684 Thread 0x00000000577ee000 Uncommon trap: reason=bimorphic action=maybe_recompile pc=0x0000000002c161c8 method=org.codehaus.groovy.runtime.metaclass.MetaMethodIndex.addMethodToList(Ljava/lang/Object;Lgroovy/lang/MetaMethod;)Ljava/lang/Object; @ 91
Event: 128.709 Thread 0x00000000577ee000 Uncommon trap: reason=unreached action=reinterpret pc=0x0000000002c07eac method=java.util.Properties$LineReader.readLine()I @ 105
Event: 131.918 Thread 0x00000000577ee000 Uncommon trap: reason=bimorphic action=maybe_recompile pc=0x0000000003082be0 method=java.util.regex.Pattern$Curly.match0(Ljava/util/regex/Matcher;IILjava/lang/CharSequence;)Z @ 170
Event: 131.918 Thread 0x00000000577ee000 Uncommon trap: reason=bimorphic action=maybe_recompile pc=0x0000000003082b14 method=java.util.regex.Pattern$Curly.match(Ljava/util/regex/Matcher;ILjava/lang/CharSequence;)Z @ 19
Event: 131.918 Thread 0x00000000577ee000 Uncommon trap: reason=bimorphic action=maybe_recompile pc=0x0000000003082b14 method=java.util.regex.Pattern$Curly.match(Ljava/util/regex/Matcher;ILjava/lang/CharSequence;)Z @ 19
Event: 131.918 Thread 0x00000000577ee000 Uncommon trap: reason=bimorphic action=maybe_recompile pc=0x0000000003082b14 method=java.util.regex.Pattern$Curly.match(Ljava/util/regex/Matcher;ILjava/lang/CharSequence;)Z @ 19
Event: 132.794 Thread 0x00000000577ee000 Uncommon trap: reason=class_check action=maybe_recompile pc=0x0000000002c17080 method=org.codehaus.groovy.runtime.metaclass.MetaMethodIndex.addMethodToList(Ljava/lang/Object;Lgroovy/lang/MetaMethod;)Ljava/lang/Object; @ 218
Event: 132.794 Thread 0x00000000577ee000 Uncommon trap: reason=class_check action=maybe_recompile pc=0x0000000002c17080 method=org.codehaus.groovy.runtime.metaclass.MetaMethodIndex.addMethodToList(Ljava/lang/Object;Lgroovy/lang/MetaMethod;)Ljava/lang/Object; @ 218

Internal exceptions (10 events):
Event: 132.860 Thread 0x00000000577ee000 Exception <a 'java/security/PrivilegedActionException'> (0x00000000ec32d7c8) thrown at [C:\workspace\8-2-build-windows-amd64-cygwin\jdk8u31\2394\hotspot\src\share\vm\prims\jvm.cpp, line 1312]
Event: 132.860 Thread 0x00000000577ee000 Exception <a 'java/security/PrivilegedActionException'> (0x00000000ec333ab0) thrown at [C:\workspace\8-2-build-windows-amd64-cygwin\jdk8u31\2394\hotspot\src\share\vm\prims\jvm.cpp, line 1312]
Event: 132.861 Thread 0x00000000577ee000 Exception <a 'java/security/PrivilegedActionException'> (0x00000000ec340fd0) thrown at [C:\workspace\8-2-build-windows-amd64-cygwin\jdk8u31\2394\hotspot\src\share\vm\prims\jvm.cpp, line 1312]
Event: 132.861 Thread 0x00000000577ee000 Exception <a 'java/security/PrivilegedActionException'> (0x00000000ec349098) thrown at [C:\workspace\8-2-build-windows-amd64-cygwin\jdk8u31\2394\hotspot\src\share\vm\prims\jvm.cpp, line 1312]
Event: 132.861 Thread 0x00000000577ee000 Exception <a 'java/lang/ClassNotFoundException': org/gradle/api/NamedDomainObjectContainerCustomizer> (0x00000000ec349c40) thrown at [C:\workspace\8-2-build-windows-amd64-cygwin\jdk8u31\2394\hotspot\src\share\vm\classfile\systemDictionary.cpp, line 202]
Event: 132.869 Thread 0x00000000577ee000 Exception <a 'java/security/PrivilegedActionException'> (0x00000000ec365870) thrown at [C:\workspace\8-2-build-windows-amd64-cygwin\jdk8u31\2394\hotspot\src\share\vm\prims\jvm.cpp, line 1312]
Event: 132.869 Thread 0x00000000577ee000 Exception <a 'java/security/PrivilegedActionException'> (0x00000000ec367820) thrown at [C:\workspace\8-2-build-windows-amd64-cygwin\jdk8u31\2394\hotspot\src\share\vm\prims\jvm.cpp, line 1312]
Event: 132.869 Thread 0x00000000577ee000 Exception <a 'java/security/PrivilegedActionException'> (0x00000000ec369040) thrown at [C:\workspace\8-2-build-windows-amd64-cygwin\jdk8u31\2394\hotspot\src\share\vm\prims\jvm.cpp, line 1312]
Event: 132.870 Thread 0x00000000577ee000 Exception <a 'java/security/PrivilegedActionException'> (0x00000000ec36d2a0) thrown at [C:\workspace\8-2-build-windows-amd64-cygwin\jdk8u31\2394\hotspot\src\share\vm\prims\jvm.cpp, line 1312]
Event: 132.870 Thread 0x00000000577ee000 Exception <a 'java/security/PrivilegedActionException'> (0x00000000ec36ea70) thrown at [C:\workspace\8-2-build-windows-amd64-cygwin\jdk8u31\2394\hotspot\src\share\vm\prims\jvm.cpp, line 1312]

Events (10 events):
Event: 132.863 Thread 0x0000000055fe6000 flushing nmethod 0x0000000002e7f3d0
Event: 132.863 Thread 0x0000000055fe6000 flushing nmethod 0x0000000002e80fd0
Event: 132.863 Thread 0x0000000055fe6000 flushing nmethod 0x0000000002e97410
Event: 132.863 Thread 0x0000000055fe6000 flushing nmethod 0x0000000002ec7050
Event: 132.869 loading class org/gradle/api/file/ConfigurableFileCollection
Event: 132.869 loading class org/gradle/api/file/ConfigurableFileCollection done
Event: 132.869 loading class org/gradle/api/internal/file/collections/FileCollectionAdapter
Event: 132.869 loading class org/gradle/api/internal/file/collections/FileCollectionAdapter done
Event: 132.870 loading class org/gradle/api/internal/file/collections/ListBackedFileSet
Event: 132.870 loading class org/gradle/api/internal/file/collections/ListBackedFileSet done


Dynamic libraries:
0x000000013f900000 - 0x000000013f934000 	C:\Program Files\Java\jdk1.8.0_31\bin\java.exe
0x0000000076fb0000 - 0x000000007715a000 	C:\Windows\SYSTEM32\ntdll.dll
0x0000000076e90000 - 0x0000000076faf000 	C:\Windows\system32\kernel32.dll
0x000007fefd000000 - 0x000007fefd06a000 	C:\Windows\system32\KERNELBASE.dll
0x000007feff160000 - 0x000007feff23b000 	C:\Windows\system32\ADVAPI32.dll
0x000007fefdb40000 - 0x000007fefdbdf000 	C:\Windows\system32\msvcrt.dll
0x000007fefd4d0000 - 0x000007fefd4ef000 	C:\Windows\SYSTEM32\sechost.dll
0x000007fefd3a0000 - 0x000007fefd4cd000 	C:\Windows\system32\RPCRT4.dll
0x0000000076d90000 - 0x0000000076e8a000 	C:\Windows\system32\USER32.dll
0x000007fefdbe0000 - 0x000007fefdc47000 	C:\Windows\system32\GDI32.dll
0x000007fefe030000 - 0x000007fefe03e000 	C:\Windows\system32\LPK.dll
0x000007fefd0f0000 - 0x000007fefd1ba000 	C:\Windows\system32\USP10.dll
0x000007fefb740000 - 0x000007fefb934000 	C:\Windows\WinSxS\amd64_microsoft.windows.common-controls_6595b64144ccf1df_6.0.7601.18837_none_fa3b1e3d17594757\COMCTL32.dll
0x000007fefd600000 - 0x000007fefd671000 	C:\Windows\system32\SHLWAPI.dll
0x000007feff120000 - 0x000007feff14e000 	C:\Windows\system32\IMM32.DLL
0x000007fefd4f0000 - 0x000007fefd5f9000 	C:\Windows\system32\MSCTF.dll
0x0000000066b10000 - 0x0000000066be2000 	C:\Program Files\Java\jdk1.8.0_31\jre\bin\msvcr100.dll
0x0000000066d90000 - 0x00000000675ea000 	C:\Program Files\Java\jdk1.8.0_31\jre\bin\server\jvm.dll
0x000007fefad10000 - 0x000007fefad19000 	C:\Windows\system32\WSOCK32.dll
0x000007fefde60000 - 0x000007fefdead000 	C:\Windows\system32\WS2_32.dll
0x000007feff150000 - 0x000007feff158000 	C:\Windows\system32\NSI.dll
0x000007fefaf00000 - 0x000007fefaf3b000 	C:\Windows\system32\WINMM.dll
0x0000000077180000 - 0x0000000077187000 	C:\Windows\system32\PSAPI.DLL
0x0000000074690000 - 0x000000007469f000 	C:\Program Files\Java\jdk1.8.0_31\jre\bin\verify.dll
0x000000006f860000 - 0x000000006f888000 	C:\Program Files\Java\jdk1.8.0_31\jre\bin\java.dll
0x000000006f330000 - 0x000000006f346000 	C:\Program Files\Java\jdk1.8.0_31\jre\bin\zip.dll
0x000007fefe040000 - 0x000007fefedca000 	C:\Windows\system32\SHELL32.dll
0x000007fefdc50000 - 0x000007fefde53000 	C:\Windows\system32\ole32.dll
0x000007fefcd40000 - 0x000007fefcd4f000 	C:\Windows\system32\profapi.dll
0x000000006e090000 - 0x000000006e0aa000 	C:\Program Files\Java\jdk1.8.0_31\jre\bin\net.dll
0x000007fefc4d0000 - 0x000007fefc525000 	C:\Windows\system32\mswsock.dll
0x000007fefc4c0000 - 0x000007fefc4c7000 	C:\Windows\System32\wship6.dll
0x000000006e070000 - 0x000000006e081000 	C:\Program Files\Java\jdk1.8.0_31\jre\bin\nio.dll
0x000007fef4ce0000 - 0x000007fef4cf2000 	C:\Users\Joel\.gradle\native\19\windows-amd64\native-platform.dll
0x000007fefab10000 - 0x000007fefab37000 	C:\Windows\system32\IPHLPAPI.DLL
0x000007fefa930000 - 0x000007fefa93b000 	C:\Windows\system32\WINNSI.DLL
0x000007fefa7e0000 - 0x000007fefa7f8000 	C:\Windows\system32\dhcpcsvc.DLL
0x000007fefa6a0000 - 0x000007fefa6b1000 	C:\Windows\system32\dhcpcsvc6.DLL
0x000007fefc530000 - 0x000007fefc548000 	C:\Windows\system32\CRYPTSP.dll
0x000007fefc230000 - 0x000007fefc277000 	C:\Windows\system32\rsaenh.dll
0x000007fefd0b0000 - 0x000007fefd0ce000 	C:\Windows\system32\USERENV.dll
0x000007fefcb90000 - 0x000007fefcb9f000 	C:\Windows\system32\CRYPTBASE.dll
0x000007fefcb30000 - 0x000007fefcb87000 	C:\Windows\system32\apphelp.dll
0x0000000074180000 - 0x000000007418d000 	C:\Program Files\Java\jdk1.8.0_31\jre\bin\management.dll
0x000007fef50a0000 - 0x000007fef51c5000 	C:\Windows\system32\dbghelp.dll

VM Arguments:
jvm_args: -XX:MaxPermSize=256m -XX:+HeapDumpOnOutOfMemoryError -Xmx1024m -Dfile.encoding=windows-1252 -Duser.country=MX -Duser.language=es -Duser.variant 
java_command: org.gradle.launcher.daemon.bootstrap.GradleDaemon 2.8
java_class_path (initial): C:\Program Files\Android\Android Studio1\gradle\gradle-2.8\lib\gradle-launcher-2.8.jar
Launcher Type: SUN_STANDARD

Environment Variables:
JAVA_HOME=C:\Program Files\Java\jdk1.8.0_31
USERNAME=Joel
OS=Windows_NT
PROCESSOR_IDENTIFIER=Intel64 Family 6 Model 42 Stepping 7, GenuineIntel



---------------  S Y S T E M  ---------------

OS: Windows 7 , 64 bit Build 7601 Service Pack 1

CPU:total 4 (2 cores per cpu, 2 threads per core) family 6 model 42 stepping 7, cmov, cx8, fxsr, mmx, sse, sse2, sse3, ssse3, sse4.1, sse4.2, popcnt, avx, aes, clmul, ht, tsc, tscinvbit

Memory: 4k page, physical 4092272k(205440k free), swap 6469016k(9452k free)

vm_info: Java HotSpot(TM) 64-Bit Server VM (25.31-b07) for windows-amd64 JRE (1.8.0_31-b13), built on Dec 17 2014 21:00:28 by "java_re" with MS VC++ 10.0 (VS2010)

time: Wed Apr 20 22:35:21 2016
elapsed time: 139 seconds (0d 0h 2m 19s)

